2023/07/29 06:12:21 [alert] 16402#0: lua_code_cache is off; this will hurt performance in /root/03-notes/openresty/06-Openresty-Bases/demo/conf/nginx.conf:21
2023/07/29 06:12:21 [notice] 16402#0: signal process started
2023/07/29 06:12:26 [alert] 16416#0: lua_code_cache is off; this will hurt performance in /root/03-notes/openresty/06-Openresty-Bases/demo/conf/nginx.conf:21
2023/07/29 06:12:26 [notice] 16416#0: using the "epoll" event method
2023/07/29 06:12:26 [notice] 16416#0: openresty/1.21.4.2
2023/07/29 06:12:26 [notice] 16416#0: built by gcc 4.8.5 20150623 (Red Hat 4.8.5-44) (GCC) 
2023/07/29 06:12:26 [notice] 16416#0: OS: Linux 3.10.0-1160.71.1.el7.x86_64
2023/07/29 06:12:26 [notice] 16416#0: getrlimit(RLIMIT_NOFILE): 4096:4096
2023/07/29 06:12:26 [notice] 16417#0: start worker processes
2023/07/29 06:12:26 [notice] 16417#0: start worker process 16418
2023/07/29 06:12:39 [info] 16418#0: *1 [lua] hi.lua:12: 日志级别 INFO, client: 127.0.0.1, server: *.*, request: "GET / HTTP/1.1", host: "127.0.0.1:81"
2023/07/29 06:12:39 [notice] 16418#0: *1 [lua] hi.lua:13: 日志级别 NOTICE, client: 127.0.0.1, server: *.*, request: "GET / HTTP/1.1", host: "127.0.0.1:81"
2023/07/29 06:12:39 [info] 16418#0: *1 client 127.0.0.1 closed keepalive connection
2023/07/29 06:14:01 [alert] 16472#0: lua_code_cache is off; this will hurt performance in /root/03-notes/openresty/06-Openresty-Bases/demo/conf/nginx.conf:23
2023/07/29 06:14:01 [notice] 16472#0: signal process started
2023/07/29 06:14:01 [notice] 16417#0: signal 15 (SIGTERM) received from 16472, exiting
2023/07/29 06:14:01 [notice] 16418#0: exiting
2023/07/29 06:14:01 [notice] 16418#0: exit
2023/07/29 06:14:01 [notice] 16417#0: signal 17 (SIGCHLD) received from 16418
2023/07/29 06:14:01 [notice] 16417#0: worker process 16418 exited with code 0
2023/07/29 06:14:01 [notice] 16417#0: exit
2023/07/29 06:14:06 [alert] 16492#0: lua_code_cache is off; this will hurt performance in /root/03-notes/openresty/06-Openresty-Bases/demo/conf/nginx.conf:23
2023/07/29 06:17:02 [alert] 16616#0: lua_code_cache is off; this will hurt performance in /root/03-notes/openresty/06-Openresty-Bases/demo/conf/nginx.conf:26
2023/07/29 06:17:02 [notice] 16616#0: signal process started
2023/07/29 06:17:06 [alert] 16627#0: lua_code_cache is off; this will hurt performance in /root/03-notes/openresty/06-Openresty-Bases/demo/conf/nginx.conf:26
2023/07/29 21:16:47 [alert] 22914#0: lua_code_cache is off; this will hurt performance in /root/learn-record/OpenResty/06-Openresty-Bases/demo/conf/nginx.conf:26
2023/07/29 21:17:56 [alert] 23137#0: lua_code_cache is off; this will hurt performance in /root/learn-record/OpenResty/06-Openresty-Bases/demo/conf/nginx.conf:26
2023/07/29 21:17:56 [notice] 23137#0: signal process started
2023/07/29 21:18:00 [alert] 23156#0: lua_code_cache is off; this will hurt performance in /root/learn-record/OpenResty/06-Openresty-Bases/demo/conf/nginx.conf:26
2023/07/29 21:19:37 [alert] 23275#0: lua_code_cache is off; this will hurt performance in /root/learn-record/OpenResty/06-Openresty-Bases/demo/conf/nginx.conf:26
2023/07/29 21:19:37 [notice] 23275#0: signal process started
2023/07/29 21:19:40 [alert] 23303#0: lua_code_cache is off; this will hurt performance in /root/learn-record/OpenResty/06-Openresty-Bases/demo/conf/nginx.conf:26
2023/07/29 22:37:53 [alert] 26681#0: lua_code_cache is off; this will hurt performance in /root/learn-record/OpenResty/06-Openresty-Bases/demo/conf/nginx.conf:26
2023/07/29 22:37:53 [notice] 26681#0: signal process started
2023/07/29 22:37:54 [alert] 26692#0: lua_code_cache is off; this will hurt performance in /root/learn-record/OpenResty/06-Openresty-Bases/demo/conf/nginx.conf:26
2023/07/29 22:37:54 [notice] 26692#0: signal process started
2023/07/29 22:37:54 [error] 26692#0: open() "/root/learn-record/OpenResty/06-Openresty-Bases/demo/logs/nginx.pid" failed (2: No such file or directory)
2023/07/29 22:37:57 [alert] 26704#0: lua_code_cache is off; this will hurt performance in /root/learn-record/OpenResty/06-Openresty-Bases/demo/conf/nginx.conf:26
2023/07/29 22:44:07 [alert] 26920#0: lua_code_cache is off; this will hurt performance in /root/learn-record/OpenResty/06-Openresty-Bases/demo/conf/nginx.conf:26
2023/07/29 23:28:06 [alert] 28307#0: lua_code_cache is off; this will hurt performance in /root/learn-record/OpenResty/07-HTTP/http/conf/nginx.conf:32
2023/07/29 23:32:31 [alert] 28505#0: lua_code_cache is off; this will hurt performance in /root/learn-record/OpenResty/07-HTTP/http/conf/nginx.conf:32
2023/07/29 23:32:31 [emerg] 28505#0: unexpected ";" in /root/learn-record/OpenResty/07-HTTP/http/conf/nginx.conf:39
2023/07/29 23:32:37 [alert] 28533#0: lua_code_cache is off; this will hurt performance in /root/learn-record/OpenResty/07-HTTP/http/conf/nginx.conf:32
2023/07/29 23:32:37 [emerg] 28533#0: unexpected ";" in /root/learn-record/OpenResty/07-HTTP/http/conf/nginx.conf:39
2023/07/29 23:32:59 [alert] 28566#0: lua_code_cache is off; this will hurt performance in /root/learn-record/OpenResty/07-HTTP/http/conf/nginx.conf:32
2023/07/29 23:32:59 [notice] 28566#0: signal process started
2023/07/29 23:33:01 [alert] 28577#0: lua_code_cache is off; this will hurt performance in /root/learn-record/OpenResty/07-HTTP/http/conf/nginx.conf:32
2023/07/29 23:33:01 [notice] 28577#0: signal process started
2023/07/29 23:33:01 [error] 28577#0: open() "/root/learn-record/OpenResty/07-HTTP/http/logs/nginx.pid" failed (2: No such file or directory)
2023/07/29 23:33:03 [alert] 28588#0: lua_code_cache is off; this will hurt performance in /root/learn-record/OpenResty/07-HTTP/http/conf/nginx.conf:32
2023/07/29 23:37:52 [alert] 28915#0: lua_code_cache is off; this will hurt performance in /root/learn-record/OpenResty/07-HTTP/http/conf/nginx.conf:32
2023/07/29 23:37:52 [notice] 28915#0: signal process started
2023/07/29 23:37:54 [alert] 28925#0: lua_code_cache is off; this will hurt performance in /root/learn-record/OpenResty/07-HTTP/http/conf/nginx.conf:32
2023/07/29 23:40:38 [alert] 29057#0: lua_code_cache is off; this will hurt performance in /root/learn-record/OpenResty/07-HTTP/http/conf/nginx.conf:32
2023/07/29 23:40:38 [notice] 29057#0: signal process started
2023/07/29 23:40:41 [alert] 29067#0: lua_code_cache is off; this will hurt performance in /root/learn-record/OpenResty/07-HTTP/http/conf/nginx.conf:32
2023/07/29 23:45:23 [alert] 29293#0: lua_code_cache is off; this will hurt performance in /root/learn-record/OpenResty/07-HTTP/http/conf/nginx.conf:32
2023/07/29 23:45:23 [notice] 29293#0: signal process started
2023/07/29 23:45:25 [alert] 29298#0: lua_code_cache is off; this will hurt performance in /root/learn-record/OpenResty/07-HTTP/http/conf/nginx.conf:32
2023/07/29 23:50:47 [error] 29300#0: *11 failed to run set_by_lua*: ...learn-record/OpenResty/07-HTTP/http/service/http/set.lua:3: variable "ddd" not found for writing; maybe it is a built-in variable that is not changeable or you forgot to use "set $ddd '';" in the config file to define it first
stack traceback:
	[C]: in function 'error'
	/usr/local/openresty/lualib/resty/core/var.lua:144: in function '__newindex'
	...learn-record/OpenResty/07-HTTP/http/service/http/set.lua:3: in main chunk, client: 127.0.0.1, server: *.*, request: "GET /1234432423?a=1&b=2fhadfhasdfhasdlfhasdfjhasdfjasdkfhasd HTTP/1.1", host: "127.0.0.1:82"
2023/07/29 23:50:47 [error] 29300#0: *12 failed to run set_by_lua*: ...learn-record/OpenResty/07-HTTP/http/service/http/set.lua:3: variable "ddd" not found for writing; maybe it is a built-in variable that is not changeable or you forgot to use "set $ddd '';" in the config file to define it first
stack traceback:
	[C]: in function 'error'
	/usr/local/openresty/lualib/resty/core/var.lua:144: in function '__newindex'
	...learn-record/OpenResty/07-HTTP/http/service/http/set.lua:3: in main chunk, client: 127.0.0.1, server: *.*, request: "GET /favicon.ico HTTP/1.1", host: "127.0.0.1:82", referrer: "http://127.0.0.1:82/1234432423?a=1&b=2fhadfhasdfhasdlfhasdfjhasdfjasdkfhasd"
2023/07/29 23:50:54 [error] 29300#0: *13 failed to run set_by_lua*: ...learn-record/OpenResty/07-HTTP/http/service/http/set.lua:3: variable "ddd" not found for writing; maybe it is a built-in variable that is not changeable or you forgot to use "set $ddd '';" in the config file to define it first
stack traceback:
	[C]: in function 'error'
	/usr/local/openresty/lualib/resty/core/var.lua:144: in function '__newindex'
	...learn-record/OpenResty/07-HTTP/http/service/http/set.lua:3: in main chunk, client: 127.0.0.1, server: *.*, request: "GET /1234432423?a=1 HTTP/1.1", host: "127.0.0.1:82"
2023/07/29 23:53:31 [alert] 30091#0: lua_code_cache is off; this will hurt performance in /root/learn-record/OpenResty/07-HTTP/http/conf/nginx.conf:32
2023/07/29 23:53:31 [notice] 30091#0: signal process started
2023/07/29 23:53:35 [alert] 30101#0: lua_code_cache is off; this will hurt performance in /root/learn-record/OpenResty/07-HTTP/http/conf/nginx.conf:32
2023/07/29 23:53:39 [error] 30103#0: *1 failed to run set_by_lua*: ...learn-record/OpenResty/07-HTTP/http/service/http/set.lua:3: variable "ddd" not found for writing; maybe it is a built-in variable that is not changeable or you forgot to use "set $ddd '';" in the config file to define it first
stack traceback:
	[C]: in function 'error'
	/usr/local/openresty/lualib/resty/core/var.lua:144: in function '__newindex'
	...learn-record/OpenResty/07-HTTP/http/service/http/set.lua:3: in main chunk, client: 127.0.0.1, server: *.*, request: "GET /1234432423?a=1 HTTP/1.1", host: "127.0.0.1:82"
2023/07/29 23:55:20 [alert] 30294#0: lua_code_cache is off; this will hurt performance in /root/learn-record/OpenResty/07-HTTP/http/conf/nginx.conf:32
2023/07/29 23:55:20 [notice] 30294#0: signal process started
2023/07/29 23:55:22 [alert] 30304#0: lua_code_cache is off; this will hurt performance in /root/learn-record/OpenResty/07-HTTP/http/conf/nginx.conf:32
2023/07/29 23:56:04 [alert] 30389#0: lua_code_cache is off; this will hurt performance in /root/learn-record/OpenResty/07-HTTP/http/conf/nginx.conf:32
2023/07/29 23:56:04 [notice] 30389#0: signal process started
2023/07/29 23:56:06 [alert] 30399#0: lua_code_cache is off; this will hurt performance in /root/learn-record/OpenResty/07-HTTP/http/conf/nginx.conf:32
2023/07/29 23:56:42 [alert] 30524#0: lua_code_cache is off; this will hurt performance in /root/learn-record/OpenResty/07-HTTP/http/conf/nginx.conf:32
2023/07/29 23:56:42 [notice] 30524#0: signal process started
2023/07/29 23:56:44 [alert] 30529#0: lua_code_cache is off; this will hurt performance in /root/learn-record/OpenResty/07-HTTP/http/conf/nginx.conf:32
