2024-12-16 19:54:55,730 INFO (Version.java:21)- HV000001: Hibernate Validator 8.0.1.Final
2024-12-16 19:54:55,750 INFO (StartupInfoLogger.java:50)- Starting MynovelApplication using Java 17.0.12 with PID 34916 (D:\CodeSpace\learn-record\SpringBoot\mynovel\target\classes started by RuoYang in D:\CodeSpace\learn-record\SpringBoot\mynovel)
2024-12-16 19:54:55,750 INFO (SpringApplication.java:660)- The following 1 profile is active: "dev"
2024-12-16 19:54:56,007 WARN (AbstractApplicationContext.java:632)- Exception encountered during context initialization - cancelling refresh attempt: org.springframework.beans.factory.BeanDefinitionStoreException: Failed to parse configuration class [com.randolflu.mynovel.MynovelApplication]
2024-12-16 19:54:56,011 INFO (ConditionEvaluationReportLogger.java:82)- 

Error starting ApplicationContext. To display the condition evaluation report re-run your application with 'debug' enabled.
2024-12-16 19:54:56,024 ERROR (SpringApplication.java:859)- Application run failed
org.springframework.beans.factory.BeanDefinitionStoreException: Failed to parse configuration class [com.randolflu.mynovel.MynovelApplication]
	at org.springframework.context.annotation.ConfigurationClassParser.parse(ConfigurationClassParser.java:179)
	at org.springframework.context.annotation.ConfigurationClassPostProcessor.processConfigBeanDefinitions(ConfigurationClassPostProcessor.java:417)
	at org.springframework.context.annotation.ConfigurationClassPostProcessor.postProcessBeanDefinitionRegistry(ConfigurationClassPostProcessor.java:290)
	at org.springframework.context.support.PostProcessorRegistrationDelegate.invokeBeanDefinitionRegistryPostProcessors(PostProcessorRegistrationDelegate.java:349)
	at org.springframework.context.support.PostProcessorRegistrationDelegate.invokeBeanFactoryPostProcessors(PostProcessorRegistrationDelegate.java:118)
	at org.springframework.context.support.AbstractApplicationContext.invokeBeanFactoryPostProcessors(AbstractApplicationContext.java:788)
	at org.springframework.context.support.AbstractApplicationContext.refresh(AbstractApplicationContext.java:606)
	at org.springframework.boot.web.servlet.context.ServletWebServerApplicationContext.refresh(ServletWebServerApplicationContext.java:146)
	at org.springframework.boot.SpringApplication.refresh(SpringApplication.java:754)
	at org.springframework.boot.SpringApplication.refreshContext(SpringApplication.java:456)
	at org.springframework.boot.SpringApplication.run(SpringApplication.java:335)
	at org.springframework.boot.SpringApplication.run(SpringApplication.java:1363)
	at org.springframework.boot.SpringApplication.run(SpringApplication.java:1352)
	at com.randolflu.mynovel.MynovelApplication.main(MynovelApplication.java:27)
Caused by: org.springframework.context.annotation.ConflictingBeanDefinitionException: Annotation-specified bean name 'jwtUtils' for bean class [com.randolflu.mynovel.core.util.JwtUtils] conflicts with existing, non-compatible bean definition of same name and class [com.randolflu.mynovel.core.common.util.JwtUtils]
	at org.springframework.context.annotation.ClassPathBeanDefinitionScanner.checkCandidate(ClassPathBeanDefinitionScanner.java:361)
	at org.springframework.context.annotation.ClassPathBeanDefinitionScanner.doScan(ClassPathBeanDefinitionScanner.java:288)
	at org.springframework.context.annotation.ComponentScanAnnotationParser.parse(ComponentScanAnnotationParser.java:128)
	at org.springframework.context.annotation.ConfigurationClassParser.doProcessConfigurationClass(ConfigurationClassParser.java:306)
	at org.springframework.context.annotation.ConfigurationClassParser.processConfigurationClass(ConfigurationClassParser.java:246)
	at org.springframework.context.annotation.ConfigurationClassParser.parse(ConfigurationClassParser.java:197)
	at org.springframework.context.annotation.ConfigurationClassParser.parse(ConfigurationClassParser.java:165)
	... 13 common frames omitted
2024-12-16 19:57:56,219 INFO (Version.java:21)- HV000001: Hibernate Validator 8.0.1.Final
2024-12-16 19:57:56,239 INFO (StartupInfoLogger.java:50)- Starting MynovelApplication using Java 17.0.12 with PID 30488 (D:\CodeSpace\learn-record\SpringBoot\mynovel\target\classes started by RuoYang in D:\CodeSpace\learn-record\SpringBoot\mynovel)
2024-12-16 19:57:56,241 INFO (SpringApplication.java:660)- The following 1 profile is active: "dev"
2024-12-16 19:57:57,230 INFO (RepositoryConfigurationDelegate.java:295)- Multiple Spring Data modules found, entering strict repository configuration mode
2024-12-16 19:57:57,231 INFO (RepositoryConfigurationDelegate.java:143)- Bootstrapping Spring Data Elasticsearch repositories in DEFAULT mode.
2024-12-16 19:57:57,249 INFO (RepositoryConfigurationDelegate.java:211)- Finished Spring Data repository scanning in 14 ms. Found 0 Elasticsearch repository interfaces.
2024-12-16 19:57:57,253 INFO (RepositoryConfigurationDelegate.java:295)- Multiple Spring Data modules found, entering strict repository configuration mode
2024-12-16 19:57:57,253 INFO (RepositoryConfigurationDelegate.java:143)- Bootstrapping Spring Data Reactive Elasticsearch repositories in DEFAULT mode.
2024-12-16 19:57:57,260 INFO (RepositoryConfigurationDelegate.java:211)- Finished Spring Data repository scanning in 5 ms. Found 0 Reactive Elasticsearch repository interfaces.
2024-12-16 19:57:57,265 INFO (RepositoryConfigurationDelegate.java:295)- Multiple Spring Data modules found, entering strict repository configuration mode
2024-12-16 19:57:57,266 INFO (RepositoryConfigurationDelegate.java:143)- Bootstrapping Spring Data Redis repositories in DEFAULT mode.
2024-12-16 19:57:57,275 INFO (RepositoryConfigurationDelegate.java:211)- Finished Spring Data repository scanning in 4 ms. Found 0 Redis repository interfaces.
2024-12-16 19:57:57,503 WARN (PostProcessorRegistrationDelegate.java:437)- Bean 'stringToNoneShardingStrategyConfigurationConverter' of type [org.apache.shardingsphere.spring.boot.converter.StringToNoneShardingStrategyConfigurationConverter] is not eligible for getting processed by all BeanPostProcessors (for example: not eligible for auto-proxying). Is this bean getting eagerly injected into a currently created BeanPostProcessor [transactionTypeScanner]? Check the corresponding BeanPostProcessor declaration and its dependencies.
2024-12-16 19:57:57,504 WARN (PostProcessorRegistrationDelegate.java:437)- Bean 'org.springframework.boot.autoconfigure.flyway.FlywayAutoConfiguration' of type [org.springframework.boot.autoconfigure.flyway.FlywayAutoConfiguration] is not eligible for getting processed by all BeanPostProcessors (for example: not eligible for auto-proxying). Is this bean getting eagerly injected into a currently created BeanPostProcessor [transactionTypeScanner]? Check the corresponding BeanPostProcessor declaration and its dependencies.
2024-12-16 19:57:57,505 WARN (PostProcessorRegistrationDelegate.java:437)- Bean 'stringOrNumberMigrationVersionConverter' of type [org.springframework.boot.autoconfigure.flyway.FlywayAutoConfiguration$StringOrNumberToMigrationVersionConverter] is not eligible for getting processed by all BeanPostProcessors (for example: not eligible for auto-proxying). Is this bean getting eagerly injected into a currently created BeanPostProcessor [transactionTypeScanner]? Check the corresponding BeanPostProcessor declaration and its dependencies.
2024-12-16 19:57:57,508 WARN (PostProcessorRegistrationDelegate.java:437)- Bean 'spring.shardingsphere-org.apache.shardingsphere.spring.boot.prop.SpringBootPropertiesConfiguration' of type [org.apache.shardingsphere.spring.boot.prop.SpringBootPropertiesConfiguration] is not eligible for getting processed by all BeanPostProcessors (for example: not eligible for auto-proxying). Is this bean getting eagerly injected into a currently created BeanPostProcessor [transactionTypeScanner]? Check the corresponding BeanPostProcessor declaration and its dependencies.
2024-12-16 19:57:57,594 WARN (PostProcessorRegistrationDelegate.java:429)- Bean 'org.apache.shardingsphere.spring.boot.ShardingSphereAutoConfiguration' of type [org.apache.shardingsphere.spring.boot.ShardingSphereAutoConfiguration$$SpringCGLIB$$0] is not eligible for getting processed by all BeanPostProcessors (for example: not eligible for auto-proxying). The currently created BeanPostProcessor [transactionTypeScanner] is declared through a non-static factory method on that class; consider declaring it as static instead.
2024-12-16 19:57:58,008 INFO (TomcatWebServer.java:111)- Tomcat initialized with port 8888 (http)
2024-12-16 19:57:58,015 INFO (DirectJDKLog.java:173)- Initializing ProtocolHandler ["http-nio-8888"]
2024-12-16 19:57:58,016 INFO (DirectJDKLog.java:173)- Starting service [Tomcat]
2024-12-16 19:57:58,016 INFO (DirectJDKLog.java:173)- Starting Servlet engine: [Apache Tomcat/10.1.24]
2024-12-16 19:57:58,091 INFO (DirectJDKLog.java:173)- Initializing Spring embedded WebApplicationContext
2024-12-16 19:57:58,091 INFO (ServletWebServerApplicationContext.java:296)- Root WebApplicationContext: initialization completed in 1711 ms
2024-12-16 19:57:58,342 WARN (AbstractApplicationContext.java:632)- Exception encountered during context initialization - cancelling refresh attempt: org.springframework.beans.factory.UnsatisfiedDependencyException: Error creating bean with name 'authorController' defined in file [D:\CodeSpace\learn-record\SpringBoot\mynovel\target\classes\com\randolflu\mynovel\controller\author\AuthorController.class]: Unsatisfied dependency expressed through constructor parameter 0: Error creating bean with name 'authorServiceImpl' defined in file [D:\CodeSpace\learn-record\SpringBoot\mynovel\target\classes\com\randolflu\mynovel\service\impl\AuthorServiceImpl.class]: Unsatisfied dependency expressed through constructor parameter 0: Error creating bean with name 'authorInfoCacheManager' defined in file [D:\CodeSpace\learn-record\SpringBoot\mynovel\target\classes\com\randolflu\mynovel\manager\cache\AuthorInfoCacheManager.class]: Unsatisfied dependency expressed through constructor parameter 0: Error creating bean with name 'authorInfoMapper' defined in file [D:\CodeSpace\learn-record\SpringBoot\mynovel\target\classes\com\randolflu\mynovel\dao\mapper\AuthorInfoMapper.class]: Unsatisfied dependency expressed through bean property 'sqlSessionFactory': Error creating bean with name 'sqlSessionFactory' defined in class path resource [com/baomidou/mybatisplus/autoconfigure/MybatisPlusAutoConfiguration.class]: Unsatisfied dependency expressed through method 'sqlSessionFactory' parameter 0: Error creating bean with name 'dataSource' defined in class path resource [org/apache/shardingsphere/spring/boot/ShardingSphereAutoConfiguration.class]: Unsatisfied dependency expressed through method 'dataSource' parameter 0: No qualifying bean of type 'org.apache.shardingsphere.infra.config.mode.ModeConfiguration' available: expected at least 1 bean which qualifies as autowire candidate. Dependency annotations: {}
2024-12-16 19:57:58,345 INFO (DirectJDKLog.java:173)- Stopping service [Tomcat]
2024-12-16 19:57:58,365 INFO (ConditionEvaluationReportLogger.java:82)- 

Error starting ApplicationContext. To display the condition evaluation report re-run your application with 'debug' enabled.
2024-12-16 19:57:58,379 ERROR (SpringApplication.java:859)- Application run failed
org.springframework.beans.factory.UnsatisfiedDependencyException: Error creating bean with name 'authorController' defined in file [D:\CodeSpace\learn-record\SpringBoot\mynovel\target\classes\com\randolflu\mynovel\controller\author\AuthorController.class]: Unsatisfied dependency expressed through constructor parameter 0: Error creating bean with name 'authorServiceImpl' defined in file [D:\CodeSpace\learn-record\SpringBoot\mynovel\target\classes\com\randolflu\mynovel\service\impl\AuthorServiceImpl.class]: Unsatisfied dependency expressed through constructor parameter 0: Error creating bean with name 'authorInfoCacheManager' defined in file [D:\CodeSpace\learn-record\SpringBoot\mynovel\target\classes\com\randolflu\mynovel\manager\cache\AuthorInfoCacheManager.class]: Unsatisfied dependency expressed through constructor parameter 0: Error creating bean with name 'authorInfoMapper' defined in file [D:\CodeSpace\learn-record\SpringBoot\mynovel\target\classes\com\randolflu\mynovel\dao\mapper\AuthorInfoMapper.class]: Unsatisfied dependency expressed through bean property 'sqlSessionFactory': Error creating bean with name 'sqlSessionFactory' defined in class path resource [com/baomidou/mybatisplus/autoconfigure/MybatisPlusAutoConfiguration.class]: Unsatisfied dependency expressed through method 'sqlSessionFactory' parameter 0: Error creating bean with name 'dataSource' defined in class path resource [org/apache/shardingsphere/spring/boot/ShardingSphereAutoConfiguration.class]: Unsatisfied dependency expressed through method 'dataSource' parameter 0: No qualifying bean of type 'org.apache.shardingsphere.infra.config.mode.ModeConfiguration' available: expected at least 1 bean which qualifies as autowire candidate. Dependency annotations: {}
	at org.springframework.beans.factory.support.ConstructorResolver.createArgumentArray(ConstructorResolver.java:795)
	at org.springframework.beans.factory.support.ConstructorResolver.autowireConstructor(ConstructorResolver.java:237)
	at org.springframework.beans.factory.support.AbstractAutowireCapableBeanFactory.autowireConstructor(AbstractAutowireCapableBeanFactory.java:1357)
	at org.springframework.beans.factory.support.AbstractAutowireCapableBeanFactory.createBeanInstance(AbstractAutowireCapableBeanFactory.java:1194)
	at org.springframework.beans.factory.support.AbstractAutowireCapableBeanFactory.doCreateBean(AbstractAutowireCapableBeanFactory.java:562)
	at org.springframework.beans.factory.support.AbstractAutowireCapableBeanFactory.createBean(AbstractAutowireCapableBeanFactory.java:522)
	at org.springframework.beans.factory.support.AbstractBeanFactory.lambda$doGetBean$0(AbstractBeanFactory.java:337)
	at org.springframework.beans.factory.support.DefaultSingletonBeanRegistry.getSingleton(DefaultSingletonBeanRegistry.java:234)
	at org.springframework.beans.factory.support.AbstractBeanFactory.doGetBean(AbstractBeanFactory.java:335)
	at org.springframework.beans.factory.support.AbstractBeanFactory.getBean(AbstractBeanFactory.java:200)
	at org.springframework.beans.factory.support.DefaultListableBeanFactory.preInstantiateSingletons(DefaultListableBeanFactory.java:975)
	at org.springframework.context.support.AbstractApplicationContext.finishBeanFactoryInitialization(AbstractApplicationContext.java:962)
	at org.springframework.context.support.AbstractApplicationContext.refresh(AbstractApplicationContext.java:624)
	at org.springframework.boot.web.servlet.context.ServletWebServerApplicationContext.refresh(ServletWebServerApplicationContext.java:146)
	at org.springframework.boot.SpringApplication.refresh(SpringApplication.java:754)
	at org.springframework.boot.SpringApplication.refreshContext(SpringApplication.java:456)
	at org.springframework.boot.SpringApplication.run(SpringApplication.java:335)
	at org.springframework.boot.SpringApplication.run(SpringApplication.java:1363)
	at org.springframework.boot.SpringApplication.run(SpringApplication.java:1352)
	at com.randolflu.mynovel.MynovelApplication.main(MynovelApplication.java:27)
Caused by: org.springframework.beans.factory.UnsatisfiedDependencyException: Error creating bean with name 'authorServiceImpl' defined in file [D:\CodeSpace\learn-record\SpringBoot\mynovel\target\classes\com\randolflu\mynovel\service\impl\AuthorServiceImpl.class]: Unsatisfied dependency expressed through constructor parameter 0: Error creating bean with name 'authorInfoCacheManager' defined in file [D:\CodeSpace\learn-record\SpringBoot\mynovel\target\classes\com\randolflu\mynovel\manager\cache\AuthorInfoCacheManager.class]: Unsatisfied dependency expressed through constructor parameter 0: Error creating bean with name 'authorInfoMapper' defined in file [D:\CodeSpace\learn-record\SpringBoot\mynovel\target\classes\com\randolflu\mynovel\dao\mapper\AuthorInfoMapper.class]: Unsatisfied dependency expressed through bean property 'sqlSessionFactory': Error creating bean with name 'sqlSessionFactory' defined in class path resource [com/baomidou/mybatisplus/autoconfigure/MybatisPlusAutoConfiguration.class]: Unsatisfied dependency expressed through method 'sqlSessionFactory' parameter 0: Error creating bean with name 'dataSource' defined in class path resource [org/apache/shardingsphere/spring/boot/ShardingSphereAutoConfiguration.class]: Unsatisfied dependency expressed through method 'dataSource' parameter 0: No qualifying bean of type 'org.apache.shardingsphere.infra.config.mode.ModeConfiguration' available: expected at least 1 bean which qualifies as autowire candidate. Dependency annotations: {}
	at org.springframework.beans.factory.support.ConstructorResolver.createArgumentArray(ConstructorResolver.java:795)
	at org.springframework.beans.factory.support.ConstructorResolver.autowireConstructor(ConstructorResolver.java:237)
	at org.springframework.beans.factory.support.AbstractAutowireCapableBeanFactory.autowireConstructor(AbstractAutowireCapableBeanFactory.java:1357)
	at org.springframework.beans.factory.support.AbstractAutowireCapableBeanFactory.createBeanInstance(AbstractAutowireCapableBeanFactory.java:1194)
	at org.springframework.beans.factory.support.AbstractAutowireCapableBeanFactory.doCreateBean(AbstractAutowireCapableBeanFactory.java:562)
	at org.springframework.beans.factory.support.AbstractAutowireCapableBeanFactory.createBean(AbstractAutowireCapableBeanFactory.java:522)
	at org.springframework.beans.factory.support.AbstractBeanFactory.lambda$doGetBean$0(AbstractBeanFactory.java:337)
	at org.springframework.beans.factory.support.DefaultSingletonBeanRegistry.getSingleton(DefaultSingletonBeanRegistry.java:234)
	at org.springframework.beans.factory.support.AbstractBeanFactory.doGetBean(AbstractBeanFactory.java:335)
	at org.springframework.beans.factory.support.AbstractBeanFactory.getBean(AbstractBeanFactory.java:200)
	at org.springframework.beans.factory.config.DependencyDescriptor.resolveCandidate(DependencyDescriptor.java:254)
	at org.springframework.beans.factory.support.DefaultListableBeanFactory.doResolveDependency(DefaultListableBeanFactory.java:1443)
	at org.springframework.beans.factory.support.DefaultListableBeanFactory.resolveDependency(DefaultListableBeanFactory.java:1353)
	at org.springframework.beans.factory.support.ConstructorResolver.resolveAutowiredArgument(ConstructorResolver.java:904)
	at org.springframework.beans.factory.support.ConstructorResolver.createArgumentArray(ConstructorResolver.java:782)
	... 19 common frames omitted
Caused by: org.springframework.beans.factory.UnsatisfiedDependencyException: Error creating bean with name 'authorInfoCacheManager' defined in file [D:\CodeSpace\learn-record\SpringBoot\mynovel\target\classes\com\randolflu\mynovel\manager\cache\AuthorInfoCacheManager.class]: Unsatisfied dependency expressed through constructor parameter 0: Error creating bean with name 'authorInfoMapper' defined in file [D:\CodeSpace\learn-record\SpringBoot\mynovel\target\classes\com\randolflu\mynovel\dao\mapper\AuthorInfoMapper.class]: Unsatisfied dependency expressed through bean property 'sqlSessionFactory': Error creating bean with name 'sqlSessionFactory' defined in class path resource [com/baomidou/mybatisplus/autoconfigure/MybatisPlusAutoConfiguration.class]: Unsatisfied dependency expressed through method 'sqlSessionFactory' parameter 0: Error creating bean with name 'dataSource' defined in class path resource [org/apache/shardingsphere/spring/boot/ShardingSphereAutoConfiguration.class]: Unsatisfied dependency expressed through method 'dataSource' parameter 0: No qualifying bean of type 'org.apache.shardingsphere.infra.config.mode.ModeConfiguration' available: expected at least 1 bean which qualifies as autowire candidate. Dependency annotations: {}
	at org.springframework.beans.factory.support.ConstructorResolver.createArgumentArray(ConstructorResolver.java:795)
	at org.springframework.beans.factory.support.ConstructorResolver.autowireConstructor(ConstructorResolver.java:237)
	at org.springframework.beans.factory.support.AbstractAutowireCapableBeanFactory.autowireConstructor(AbstractAutowireCapableBeanFactory.java:1357)
	at org.springframework.beans.factory.support.AbstractAutowireCapableBeanFactory.createBeanInstance(AbstractAutowireCapableBeanFactory.java:1194)
	at org.springframework.beans.factory.support.AbstractAutowireCapableBeanFactory.doCreateBean(AbstractAutowireCapableBeanFactory.java:562)
	at org.springframework.beans.factory.support.AbstractAutowireCapableBeanFactory.createBean(AbstractAutowireCapableBeanFactory.java:522)
	at org.springframework.beans.factory.support.AbstractBeanFactory.lambda$doGetBean$0(AbstractBeanFactory.java:337)
	at org.springframework.beans.factory.support.DefaultSingletonBeanRegistry.getSingleton(DefaultSingletonBeanRegistry.java:234)
	at org.springframework.beans.factory.support.AbstractBeanFactory.doGetBean(AbstractBeanFactory.java:335)
	at org.springframework.beans.factory.support.AbstractBeanFactory.getBean(AbstractBeanFactory.java:200)
	at org.springframework.beans.factory.config.DependencyDescriptor.resolveCandidate(DependencyDescriptor.java:254)
	at org.springframework.beans.factory.support.DefaultListableBeanFactory.doResolveDependency(DefaultListableBeanFactory.java:1443)
	at org.springframework.beans.factory.support.DefaultListableBeanFactory.resolveDependency(DefaultListableBeanFactory.java:1353)
	at org.springframework.beans.factory.support.ConstructorResolver.resolveAutowiredArgument(ConstructorResolver.java:904)
	at org.springframework.beans.factory.support.ConstructorResolver.createArgumentArray(ConstructorResolver.java:782)
	... 33 common frames omitted
Caused by: org.springframework.beans.factory.UnsatisfiedDependencyException: Error creating bean with name 'authorInfoMapper' defined in file [D:\CodeSpace\learn-record\SpringBoot\mynovel\target\classes\com\randolflu\mynovel\dao\mapper\AuthorInfoMapper.class]: Unsatisfied dependency expressed through bean property 'sqlSessionFactory': Error creating bean with name 'sqlSessionFactory' defined in class path resource [com/baomidou/mybatisplus/autoconfigure/MybatisPlusAutoConfiguration.class]: Unsatisfied dependency expressed through method 'sqlSessionFactory' parameter 0: Error creating bean with name 'dataSource' defined in class path resource [org/apache/shardingsphere/spring/boot/ShardingSphereAutoConfiguration.class]: Unsatisfied dependency expressed through method 'dataSource' parameter 0: No qualifying bean of type 'org.apache.shardingsphere.infra.config.mode.ModeConfiguration' available: expected at least 1 bean which qualifies as autowire candidate. Dependency annotations: {}
	at org.springframework.beans.factory.support.AbstractAutowireCapableBeanFactory.autowireByType(AbstractAutowireCapableBeanFactory.java:1518)
	at org.springframework.beans.factory.support.AbstractAutowireCapableBeanFactory.populateBean(AbstractAutowireCapableBeanFactory.java:1412)
	at org.springframework.beans.factory.support.AbstractAutowireCapableBeanFactory.doCreateBean(AbstractAutowireCapableBeanFactory.java:599)
	at org.springframework.beans.factory.support.AbstractAutowireCapableBeanFactory.createBean(AbstractAutowireCapableBeanFactory.java:522)
	at org.springframework.beans.factory.support.AbstractBeanFactory.lambda$doGetBean$0(AbstractBeanFactory.java:337)
	at org.springframework.beans.factory.support.DefaultSingletonBeanRegistry.getSingleton(DefaultSingletonBeanRegistry.java:234)
	at org.springframework.beans.factory.support.AbstractBeanFactory.doGetBean(AbstractBeanFactory.java:335)
	at org.springframework.beans.factory.support.AbstractBeanFactory.getBean(AbstractBeanFactory.java:200)
	at org.springframework.beans.factory.config.DependencyDescriptor.resolveCandidate(DependencyDescriptor.java:254)
	at org.springframework.beans.factory.support.DefaultListableBeanFactory.doResolveDependency(DefaultListableBeanFactory.java:1443)
	at org.springframework.beans.factory.support.DefaultListableBeanFactory.resolveDependency(DefaultListableBeanFactory.java:1353)
	at org.springframework.beans.factory.support.ConstructorResolver.resolveAutowiredArgument(ConstructorResolver.java:904)
	at org.springframework.beans.factory.support.ConstructorResolver.createArgumentArray(ConstructorResolver.java:782)
	... 47 common frames omitted
Caused by: org.springframework.beans.factory.UnsatisfiedDependencyException: Error creating bean with name 'sqlSessionFactory' defined in class path resource [com/baomidou/mybatisplus/autoconfigure/MybatisPlusAutoConfiguration.class]: Unsatisfied dependency expressed through method 'sqlSessionFactory' parameter 0: Error creating bean with name 'dataSource' defined in class path resource [org/apache/shardingsphere/spring/boot/ShardingSphereAutoConfiguration.class]: Unsatisfied dependency expressed through method 'dataSource' parameter 0: No qualifying bean of type 'org.apache.shardingsphere.infra.config.mode.ModeConfiguration' available: expected at least 1 bean which qualifies as autowire candidate. Dependency annotations: {}
	at org.springframework.beans.factory.support.ConstructorResolver.createArgumentArray(ConstructorResolver.java:795)
	at org.springframework.beans.factory.support.ConstructorResolver.instantiateUsingFactoryMethod(ConstructorResolver.java:542)
	at org.springframework.beans.factory.support.AbstractAutowireCapableBeanFactory.instantiateUsingFactoryMethod(AbstractAutowireCapableBeanFactory.java:1337)
	at org.springframework.beans.factory.support.AbstractAutowireCapableBeanFactory.createBeanInstance(AbstractAutowireCapableBeanFactory.java:1167)
	at org.springframework.beans.factory.support.AbstractAutowireCapableBeanFactory.doCreateBean(AbstractAutowireCapableBeanFactory.java:562)
	at org.springframework.beans.factory.support.AbstractAutowireCapableBeanFactory.createBean(AbstractAutowireCapableBeanFactory.java:522)
	at org.springframework.beans.factory.support.AbstractBeanFactory.lambda$doGetBean$0(AbstractBeanFactory.java:337)
	at org.springframework.beans.factory.support.DefaultSingletonBeanRegistry.getSingleton(DefaultSingletonBeanRegistry.java:234)
	at org.springframework.beans.factory.support.AbstractBeanFactory.doGetBean(AbstractBeanFactory.java:335)
	at org.springframework.beans.factory.support.AbstractBeanFactory.getBean(AbstractBeanFactory.java:200)
	at org.springframework.beans.factory.config.DependencyDescriptor.resolveCandidate(DependencyDescriptor.java:254)
	at org.springframework.beans.factory.support.DefaultListableBeanFactory.doResolveDependency(DefaultListableBeanFactory.java:1443)
	at org.springframework.beans.factory.support.DefaultListableBeanFactory.resolveDependency(DefaultListableBeanFactory.java:1353)
	at org.springframework.beans.factory.support.AbstractAutowireCapableBeanFactory.autowireByType(AbstractAutowireCapableBeanFactory.java:1503)
	... 59 common frames omitted
Caused by: org.springframework.beans.factory.UnsatisfiedDependencyException: Error creating bean with name 'dataSource' defined in class path resource [org/apache/shardingsphere/spring/boot/ShardingSphereAutoConfiguration.class]: Unsatisfied dependency expressed through method 'dataSource' parameter 0: No qualifying bean of type 'org.apache.shardingsphere.infra.config.mode.ModeConfiguration' available: expected at least 1 bean which qualifies as autowire candidate. Dependency annotations: {}
	at org.springframework.beans.factory.support.ConstructorResolver.createArgumentArray(ConstructorResolver.java:795)
	at org.springframework.beans.factory.support.ConstructorResolver.instantiateUsingFactoryMethod(ConstructorResolver.java:542)
	at org.springframework.beans.factory.support.AbstractAutowireCapableBeanFactory.instantiateUsingFactoryMethod(AbstractAutowireCapableBeanFactory.java:1337)
	at org.springframework.beans.factory.support.AbstractAutowireCapableBeanFactory.createBeanInstance(AbstractAutowireCapableBeanFactory.java:1167)
	at org.springframework.beans.factory.support.AbstractAutowireCapableBeanFactory.doCreateBean(AbstractAutowireCapableBeanFactory.java:562)
	at org.springframework.beans.factory.support.AbstractAutowireCapableBeanFactory.createBean(AbstractAutowireCapableBeanFactory.java:522)
	at org.springframework.beans.factory.support.AbstractBeanFactory.lambda$doGetBean$0(AbstractBeanFactory.java:337)
	at org.springframework.beans.factory.support.DefaultSingletonBeanRegistry.getSingleton(DefaultSingletonBeanRegistry.java:234)
	at org.springframework.beans.factory.support.AbstractBeanFactory.doGetBean(AbstractBeanFactory.java:335)
	at org.springframework.beans.factory.support.AbstractBeanFactory.getBean(AbstractBeanFactory.java:200)
	at org.springframework.beans.factory.config.DependencyDescriptor.resolveCandidate(DependencyDescriptor.java:254)
	at org.springframework.beans.factory.support.DefaultListableBeanFactory.doResolveDependency(DefaultListableBeanFactory.java:1443)
	at org.springframework.beans.factory.support.DefaultListableBeanFactory.resolveDependency(DefaultListableBeanFactory.java:1353)
	at org.springframework.beans.factory.support.ConstructorResolver.resolveAutowiredArgument(ConstructorResolver.java:904)
	at org.springframework.beans.factory.support.ConstructorResolver.createArgumentArray(ConstructorResolver.java:782)
	... 72 common frames omitted
Caused by: org.springframework.beans.factory.NoSuchBeanDefinitionException: No qualifying bean of type 'org.apache.shardingsphere.infra.config.mode.ModeConfiguration' available: expected at least 1 bean which qualifies as autowire candidate. Dependency annotations: {}
	at org.springframework.beans.factory.support.DefaultListableBeanFactory.raiseNoMatchingBeanFound(DefaultListableBeanFactory.java:1880)
	at org.springframework.beans.factory.support.DefaultListableBeanFactory.doResolveDependency(DefaultListableBeanFactory.java:1449)
	at org.springframework.beans.factory.support.DefaultListableBeanFactory.resolveDependency(DefaultListableBeanFactory.java:1353)
	at org.springframework.beans.factory.support.ConstructorResolver.resolveAutowiredArgument(ConstructorResolver.java:904)
	at org.springframework.beans.factory.support.ConstructorResolver.createArgumentArray(ConstructorResolver.java:782)
	... 86 common frames omitted
